{"/workspaces/crm_sap_dev/srv/handlers/customer-handler.ts": {"path":"/workspaces/crm_sap_dev/srv/handlers/customer-handler.ts","statementMap":{"0":{"start":{"line":3,"column":0},"end":{"line":3,"column":15}},"1":{"start":{"line":1,"column":0},"end":{"line":1,"column":27}},"2":{"start":{"line":4,"column":48},"end":{"line":4,"column":67}},"3":{"start":{"line":6,"column":4},"end":{"line":18,"column":7}},"4":{"start":{"line":7,"column":31},"end":{"line":7,"column":39}},"5":{"start":{"line":9,"column":25},"end":{"line":9,"column":95}},"6":{"start":{"line":11,"column":8},"end":{"line":11,"column":44}},"7":{"start":{"line":11,"column":35},"end":{"line":11,"column":44}},"8":{"start":{"line":13,"column":20},"end":{"line":13,"column":79}},"9":{"start":{"line":13,"column":61},"end":{"line":13,"column":75}},"10":{"start":{"line":14,"column":20},"end":{"line":14,"column":41}},"11":{"start":{"line":16,"column":8},"end":{"line":16,"column":81}},"12":{"start":{"line":17,"column":8},"end":{"line":17,"column":19}},"13":{"start":{"line":20,"column":4},"end":{"line":46,"column":7}},"14":{"start":{"line":21,"column":31},"end":{"line":21,"column":39}},"15":{"start":{"line":23,"column":25},"end":{"line":23,"column":78}},"16":{"start":{"line":24,"column":8},"end":{"line":24,"column":89}},"17":{"start":{"line":24,"column":23},"end":{"line":24,"column":89}},"18":{"start":{"line":26,"column":29},"end":{"line":26,"column":39}},"19":{"start":{"line":27,"column":8},"end":{"line":27,"column":59}},"20":{"start":{"line":29,"column":34},"end":{"line":31,"column":59}},"21":{"start":{"line":35,"column":8},"end":{"line":41,"column":9}},"22":{"start":{"line":36,"column":12},"end":{"line":36,"column":37}},"23":{"start":{"line":37,"column":15},"end":{"line":41,"column":9}},"24":{"start":{"line":38,"column":12},"end":{"line":38,"column":36}},"25":{"start":{"line":40,"column":12},"end":{"line":40,"column":38}},"26":{"start":{"line":43,"column":8},"end":{"line":43,"column":92}},"27":{"start":{"line":45,"column":8},"end":{"line":45,"column":20}},"28":{"start":{"line":48,"column":4},"end":{"line":57,"column":7}},"29":{"start":{"line":49,"column":8},"end":{"line":56,"column":11}}},"fnMap":{"0":{"name":"default_1","decl":{"start":{"line":3,"column":20},"end":{"line":3,"column":null}},"loc":{"start":{"line":3,"column":20},"end":{"line":58,"column":1}}},"1":{"name":"(anonymous_2)","decl":{"start":{"line":6,"column":38},"end":{"line":6,"column":43}},"loc":{"start":{"line":6,"column":57},"end":{"line":18,"column":5}}},"2":{"name":"(anonymous_3)","decl":{"start":{"line":13,"column":36},"end":{"line":13,"column":37}},"loc":{"start":{"line":13,"column":61},"end":{"line":13,"column":75}}},"3":{"name":"(anonymous_4)","decl":{"start":{"line":20,"column":36},"end":{"line":20,"column":41}},"loc":{"start":{"line":20,"column":55},"end":{"line":46,"column":5}}},"4":{"name":"(anonymous_5)","decl":{"start":{"line":48,"column":38},"end":{"line":48,"column":43}},"loc":{"start":{"line":48,"column":58},"end":{"line":57,"column":5}}}},"branchMap":{"0":{"loc":{"start":{"line":11,"column":8},"end":{"line":11,"column":44}},"type":"if","locations":[{"start":{"line":11,"column":8},"end":{"line":11,"column":44}},{"start":{},"end":{}}]},"1":{"loc":{"start":{"line":24,"column":8},"end":{"line":24,"column":89}},"type":"if","locations":[{"start":{"line":24,"column":8},"end":{"line":24,"column":89}},{"start":{},"end":{}}]},"2":{"loc":{"start":{"line":35,"column":8},"end":{"line":41,"column":9}},"type":"if","locations":[{"start":{"line":35,"column":8},"end":{"line":41,"column":9}},{"start":{"line":37,"column":15},"end":{"line":41,"column":9}}]},"3":{"loc":{"start":{"line":35,"column":12},"end":{"line":35,"column":66}},"type":"binary-expr","locations":[{"start":{"line":35,"column":12},"end":{"line":35,"column":34}},{"start":{"line":35,"column":38},"end":{"line":35,"column":66}}]},"4":{"loc":{"start":{"line":37,"column":15},"end":{"line":41,"column":9}},"type":"if","locations":[{"start":{"line":37,"column":15},"end":{"line":41,"column":9}},{"start":{"line":39,"column":15},"end":{"line":41,"column":9}}]}},"s":{"0":3,"1":3,"2":3,"3":3,"4":2,"5":2,"6":2,"7":1,"8":1,"9":2,"10":1,"11":1,"12":1,"13":3,"14":4,"15":4,"16":4,"17":1,"18":3,"19":3,"20":3,"21":3,"22":1,"23":2,"24":1,"25":1,"26":3,"27":3,"28":3,"29":0},"f":{"0":3,"1":2,"2":2,"3":4,"4":0},"b":{"0":[1,1],"1":[1,3],"2":[1,2],"3":[3,3],"4":[1,1]}}
,"/workspaces/crm_sap_dev/srv/handlers/preference-handler.ts": {"path":"/workspaces/crm_sap_dev/srv/handlers/preference-handler.ts","statementMap":{"0":{"start":{"line":13,"column":0},"end":{"line":13,"column":15}},"1":{"start":{"line":1,"column":0},"end":{"line":1,"column":27}},"2":{"start":{"line":4,"column":23},"end":{"line":4,"column":40}},"3":{"start":{"line":5,"column":4},"end":{"line":9,"column":5}},"4":{"start":{"line":6,"column":21},"end":{"line":6,"column":86}},"5":{"start":{"line":7,"column":8},"end":{"line":7,"column":66}},"6":{"start":{"line":7,"column":36},"end":{"line":7,"column":66}},"7":{"start":{"line":8,"column":8},"end":{"line":8,"column":63}},"8":{"start":{"line":8,"column":37},"end":{"line":8,"column":63}},"9":{"start":{"line":10,"column":4},"end":{"line":10,"column":34}},"10":{"start":{"line":14,"column":50},"end":{"line":14,"column":69}},"11":{"start":{"line":16,"column":4},"end":{"line":30,"column":7}},"12":{"start":{"line":17,"column":31},"end":{"line":17,"column":39}},"13":{"start":{"line":19,"column":23},"end":{"line":19,"column":113}},"14":{"start":{"line":21,"column":27},"end":{"line":21,"column":59}},"15":{"start":{"line":23,"column":8},"end":{"line":29,"column":9}},"16":{"start":{"line":24,"column":12},"end":{"line":28,"column":15}}},"fnMap":{"0":{"name":"extractProductCategories","decl":{"start":{"line":3,"column":9},"end":{"line":3,"column":33}},"loc":{"start":{"line":3,"column":47},"end":{"line":11,"column":1}}},"1":{"name":"default_1","decl":{"start":{"line":13,"column":20},"end":{"line":13,"column":null}},"loc":{"start":{"line":13,"column":20},"end":{"line":31,"column":1}}},"2":{"name":"(anonymous_3)","decl":{"start":{"line":16,"column":34},"end":{"line":16,"column":39}},"loc":{"start":{"line":16,"column":53},"end":{"line":30,"column":5}}}},"branchMap":{"0":{"loc":{"start":{"line":6,"column":24},"end":{"line":6,"column":43}},"type":"binary-expr","locations":[{"start":{"line":6,"column":24},"end":{"line":6,"column":37}},{"start":{"line":6,"column":41},"end":{"line":6,"column":43}}]},"1":{"loc":{"start":{"line":6,"column":47},"end":{"line":6,"column":70}},"type":"binary-expr","locations":[{"start":{"line":6,"column":47},"end":{"line":6,"column":64}},{"start":{"line":6,"column":68},"end":{"line":6,"column":70}}]},"2":{"loc":{"start":{"line":7,"column":8},"end":{"line":7,"column":66}},"type":"if","locations":[{"start":{"line":7,"column":8},"end":{"line":7,"column":66}},{"start":{},"end":{}}]},"3":{"loc":{"start":{"line":8,"column":8},"end":{"line":8,"column":63}},"type":"if","locations":[{"start":{"line":8,"column":8},"end":{"line":8,"column":63}},{"start":{},"end":{}}]}},"s":{"0":3,"1":3,"2":1,"3":1,"4":2,"5":2,"6":1,"7":2,"8":1,"9":1,"10":3,"11":3,"12":1,"13":1,"14":1,"15":1,"16":2},"f":{"0":1,"1":3,"2":1},"b":{"0":[2,0],"1":[2,0],"2":[1,1],"3":[1,1]}}
}
