{"/workspaces/crm_sap_dev/srv/handlers/customer-handler.ts": {"path":"/workspaces/crm_sap_dev/srv/handlers/customer-handler.ts","statementMap":{"0":{"start":{"line":3,"column":0},"end":{"line":3,"column":15}},"1":{"start":{"line":1,"column":0},"end":{"line":1,"column":27}},"2":{"start":{"line":4,"column":37},"end":{"line":4,"column":50}},"3":{"start":{"line":5,"column":48},"end":{"line":5,"column":67}},"4":{"start":{"line":7,"column":25},"end":{"line":26,"column":5}},"5":{"start":{"line":8,"column":8},"end":{"line":8,"column":34}},"6":{"start":{"line":8,"column":25},"end":{"line":8,"column":34}},"7":{"start":{"line":10,"column":30},"end":{"line":10,"column":46}},"8":{"start":{"line":12,"column":23},"end":{"line":12,"column":98}},"9":{"start":{"line":14,"column":8},"end":{"line":16,"column":9}},"10":{"start":{"line":15,"column":12},"end":{"line":15,"column":117}},"11":{"start":{"line":18,"column":8},"end":{"line":18,"column":44}},"12":{"start":{"line":18,"column":35},"end":{"line":18,"column":44}},"13":{"start":{"line":20,"column":20},"end":{"line":20,"column":86}},"14":{"start":{"line":20,"column":61},"end":{"line":20,"column":82}},"15":{"start":{"line":21,"column":20},"end":{"line":21,"column":41}},"16":{"start":{"line":23,"column":8},"end":{"line":23,"column":89}},"17":{"start":{"line":25,"column":8},"end":{"line":25,"column":19}},"18":{"start":{"line":28,"column":4},"end":{"line":37,"column":7}},"19":{"start":{"line":29,"column":27},"end":{"line":29,"column":76}},"20":{"start":{"line":31,"column":8},"end":{"line":36,"column":9}},"21":{"start":{"line":32,"column":12},"end":{"line":32,"column":43}},"22":{"start":{"line":33,"column":12},"end":{"line":33,"column":109}},"23":{"start":{"line":35,"column":12},"end":{"line":35,"column":94}},"24":{"start":{"line":39,"column":4},"end":{"line":51,"column":7}},"25":{"start":{"line":40,"column":31},"end":{"line":40,"column":39}},"26":{"start":{"line":42,"column":25},"end":{"line":42,"column":95}},"27":{"start":{"line":44,"column":8},"end":{"line":44,"column":44}},"28":{"start":{"line":44,"column":35},"end":{"line":44,"column":44}},"29":{"start":{"line":46,"column":20},"end":{"line":46,"column":79}},"30":{"start":{"line":46,"column":61},"end":{"line":46,"column":75}},"31":{"start":{"line":47,"column":20},"end":{"line":47,"column":41}},"32":{"start":{"line":49,"column":8},"end":{"line":49,"column":81}},"33":{"start":{"line":50,"column":8},"end":{"line":50,"column":19}},"34":{"start":{"line":53,"column":4},"end":{"line":79,"column":7}},"35":{"start":{"line":54,"column":31},"end":{"line":54,"column":39}},"36":{"start":{"line":56,"column":25},"end":{"line":56,"column":78}},"37":{"start":{"line":57,"column":8},"end":{"line":57,"column":89}},"38":{"start":{"line":57,"column":23},"end":{"line":57,"column":89}},"39":{"start":{"line":59,"column":29},"end":{"line":59,"column":39}},"40":{"start":{"line":60,"column":8},"end":{"line":60,"column":59}},"41":{"start":{"line":62,"column":34},"end":{"line":64,"column":59}},"42":{"start":{"line":68,"column":8},"end":{"line":74,"column":9}},"43":{"start":{"line":69,"column":12},"end":{"line":69,"column":37}},"44":{"start":{"line":70,"column":15},"end":{"line":74,"column":9}},"45":{"start":{"line":71,"column":12},"end":{"line":71,"column":36}},"46":{"start":{"line":73,"column":12},"end":{"line":73,"column":38}},"47":{"start":{"line":76,"column":8},"end":{"line":76,"column":92}},"48":{"start":{"line":78,"column":8},"end":{"line":78,"column":20}},"49":{"start":{"line":81,"column":4},"end":{"line":90,"column":7}},"50":{"start":{"line":82,"column":8},"end":{"line":89,"column":11}}},"fnMap":{"0":{"name":"default_1","decl":{"start":{"line":3,"column":20},"end":{"line":3,"column":null}},"loc":{"start":{"line":3,"column":20},"end":{"line":91,"column":1}}},"1":{"name":"(anonymous_2)","decl":{"start":{"line":7,"column":25},"end":{"line":7,"column":30}},"loc":{"start":{"line":7,"column":71},"end":{"line":26,"column":5}}},"2":{"name":"(anonymous_3)","decl":{"start":{"line":20,"column":36},"end":{"line":20,"column":37}},"loc":{"start":{"line":20,"column":61},"end":{"line":20,"column":82}}},"3":{"name":"(anonymous_4)","decl":{"start":{"line":28,"column":45},"end":{"line":28,"column":50}},"loc":{"start":{"line":28,"column":64},"end":{"line":37,"column":5}}},"4":{"name":"(anonymous_5)","decl":{"start":{"line":39,"column":38},"end":{"line":39,"column":43}},"loc":{"start":{"line":39,"column":57},"end":{"line":51,"column":5}}},"5":{"name":"(anonymous_6)","decl":{"start":{"line":46,"column":36},"end":{"line":46,"column":37}},"loc":{"start":{"line":46,"column":61},"end":{"line":46,"column":75}}},"6":{"name":"(anonymous_7)","decl":{"start":{"line":53,"column":36},"end":{"line":53,"column":41}},"loc":{"start":{"line":53,"column":55},"end":{"line":79,"column":5}}},"7":{"name":"(anonymous_8)","decl":{"start":{"line":81,"column":38},"end":{"line":81,"column":43}},"loc":{"start":{"line":81,"column":58},"end":{"line":90,"column":5}}}},"branchMap":{"0":{"loc":{"start":{"line":8,"column":8},"end":{"line":8,"column":34}},"type":"if","locations":[{"start":{"line":8,"column":8},"end":{"line":8,"column":34}},{"start":{},"end":{}}]},"1":{"loc":{"start":{"line":14,"column":8},"end":{"line":16,"column":9}},"type":"if","locations":[{"start":{"line":14,"column":8},"end":{"line":16,"column":9}},{"start":{},"end":{}}]},"2":{"loc":{"start":{"line":18,"column":8},"end":{"line":18,"column":44}},"type":"if","locations":[{"start":{"line":18,"column":8},"end":{"line":18,"column":44}},{"start":{},"end":{}}]},"3":{"loc":{"start":{"line":20,"column":68},"end":{"line":20,"column":81}},"type":"binary-expr","locations":[{"start":{"line":20,"column":68},"end":{"line":20,"column":76}},{"start":{"line":20,"column":80},"end":{"line":20,"column":81}}]},"4":{"loc":{"start":{"line":29,"column":27},"end":{"line":29,"column":76}},"type":"binary-expr","locations":[{"start":{"line":29,"column":27},"end":{"line":29,"column":52}},{"start":{"line":29,"column":56},"end":{"line":29,"column":76}}]},"5":{"loc":{"start":{"line":31,"column":8},"end":{"line":36,"column":9}},"type":"if","locations":[{"start":{"line":31,"column":8},"end":{"line":36,"column":9}},{"start":{"line":34,"column":15},"end":{"line":36,"column":9}}]},"6":{"loc":{"start":{"line":44,"column":8},"end":{"line":44,"column":44}},"type":"if","locations":[{"start":{"line":44,"column":8},"end":{"line":44,"column":44}},{"start":{},"end":{}}]},"7":{"loc":{"start":{"line":57,"column":8},"end":{"line":57,"column":89}},"type":"if","locations":[{"start":{"line":57,"column":8},"end":{"line":57,"column":89}},{"start":{},"end":{}}]},"8":{"loc":{"start":{"line":68,"column":8},"end":{"line":74,"column":9}},"type":"if","locations":[{"start":{"line":68,"column":8},"end":{"line":74,"column":9}},{"start":{"line":70,"column":15},"end":{"line":74,"column":9}}]},"9":{"loc":{"start":{"line":68,"column":12},"end":{"line":68,"column":66}},"type":"binary-expr","locations":[{"start":{"line":68,"column":12},"end":{"line":68,"column":34}},{"start":{"line":68,"column":38},"end":{"line":68,"column":66}}]},"10":{"loc":{"start":{"line":70,"column":15},"end":{"line":74,"column":9}},"type":"if","locations":[{"start":{"line":70,"column":15},"end":{"line":74,"column":9}},{"start":{"line":72,"column":15},"end":{"line":74,"column":9}}]}},"s":{"0":3,"1":3,"2":3,"3":3,"4":3,"5":0,"6":0,"7":0,"8":0,"9":0,"10":0,"11":0,"12":0,"13":0,"14":0,"15":0,"16":0,"17":0,"18":3,"19":0,"20":0,"21":0,"22":0,"23":0,"24":3,"25":2,"26":2,"27":2,"28":1,"29":1,"30":2,"31":1,"32":1,"33":1,"34":3,"35":4,"36":4,"37":4,"38":1,"39":3,"40":3,"41":3,"42":3,"43":1,"44":2,"45":1,"46":1,"47":3,"48":3,"49":3,"50":0},"f":{"0":3,"1":0,"2":0,"3":0,"4":2,"5":2,"6":4,"7":0},"b":{"0":[0,0],"1":[0,0],"2":[0,0],"3":[0,0],"4":[0,0],"5":[0,0],"6":[1,1],"7":[1,3],"8":[1,2],"9":[3,3],"10":[1,1]}}
,"/workspaces/crm_sap_dev/srv/handlers/preference-handler.ts": {"path":"/workspaces/crm_sap_dev/srv/handlers/preference-handler.ts","statementMap":{"0":{"start":{"line":13,"column":0},"end":{"line":13,"column":15}},"1":{"start":{"line":1,"column":0},"end":{"line":1,"column":27}},"2":{"start":{"line":4,"column":23},"end":{"line":4,"column":40}},"3":{"start":{"line":5,"column":4},"end":{"line":9,"column":5}},"4":{"start":{"line":6,"column":21},"end":{"line":6,"column":86}},"5":{"start":{"line":7,"column":8},"end":{"line":7,"column":66}},"6":{"start":{"line":7,"column":36},"end":{"line":7,"column":66}},"7":{"start":{"line":8,"column":8},"end":{"line":8,"column":63}},"8":{"start":{"line":8,"column":37},"end":{"line":8,"column":63}},"9":{"start":{"line":10,"column":4},"end":{"line":10,"column":34}},"10":{"start":{"line":14,"column":40},"end":{"line":14,"column":59}},"11":{"start":{"line":16,"column":4},"end":{"line":30,"column":7}},"12":{"start":{"line":17,"column":31},"end":{"line":17,"column":39}},"13":{"start":{"line":19,"column":23},"end":{"line":19,"column":113}},"14":{"start":{"line":21,"column":27},"end":{"line":21,"column":59}},"15":{"start":{"line":23,"column":8},"end":{"line":29,"column":9}},"16":{"start":{"line":24,"column":12},"end":{"line":28,"column":15}}},"fnMap":{"0":{"name":"extractProductCategories","decl":{"start":{"line":3,"column":9},"end":{"line":3,"column":33}},"loc":{"start":{"line":3,"column":47},"end":{"line":11,"column":1}}},"1":{"name":"default_1","decl":{"start":{"line":13,"column":20},"end":{"line":13,"column":null}},"loc":{"start":{"line":13,"column":20},"end":{"line":31,"column":1}}},"2":{"name":"(anonymous_3)","decl":{"start":{"line":16,"column":34},"end":{"line":16,"column":39}},"loc":{"start":{"line":16,"column":53},"end":{"line":30,"column":5}}}},"branchMap":{"0":{"loc":{"start":{"line":6,"column":24},"end":{"line":6,"column":43}},"type":"binary-expr","locations":[{"start":{"line":6,"column":24},"end":{"line":6,"column":37}},{"start":{"line":6,"column":41},"end":{"line":6,"column":43}}]},"1":{"loc":{"start":{"line":6,"column":47},"end":{"line":6,"column":70}},"type":"binary-expr","locations":[{"start":{"line":6,"column":47},"end":{"line":6,"column":64}},{"start":{"line":6,"column":68},"end":{"line":6,"column":70}}]},"2":{"loc":{"start":{"line":7,"column":8},"end":{"line":7,"column":66}},"type":"if","locations":[{"start":{"line":7,"column":8},"end":{"line":7,"column":66}},{"start":{},"end":{}}]},"3":{"loc":{"start":{"line":8,"column":8},"end":{"line":8,"column":63}},"type":"if","locations":[{"start":{"line":8,"column":8},"end":{"line":8,"column":63}},{"start":{},"end":{}}]}},"s":{"0":3,"1":3,"2":1,"3":1,"4":2,"5":2,"6":1,"7":2,"8":1,"9":1,"10":3,"11":3,"12":1,"13":1,"14":1,"15":1,"16":2},"f":{"0":1,"1":3,"2":1},"b":{"0":[2,0],"1":[2,0],"2":[1,1],"3":[1,1]}}
}
