TN:
SF:srv/handlers/customer-handler.ts
FN:3,default_1
FN:7,(anonymous_2)
FN:20,(anonymous_3)
FN:28,(anonymous_4)
FN:39,(anonymous_5)
FN:46,(anonymous_6)
FN:53,(anonymous_7)
FN:81,(anonymous_8)
FNF:8
FNH:4
FNDA:3,default_1
FNDA:0,(anonymous_2)
FNDA:0,(anonymous_3)
FNDA:0,(anonymous_4)
FNDA:2,(anonymous_5)
FNDA:2,(anonymous_6)
FNDA:4,(anonymous_7)
FNDA:0,(anonymous_8)
DA:1,3
DA:3,3
DA:4,3
DA:5,3
DA:7,3
DA:8,0
DA:10,0
DA:12,0
DA:14,0
DA:15,0
DA:18,0
DA:20,0
DA:21,0
DA:23,0
DA:25,0
DA:28,3
DA:29,0
DA:31,0
DA:32,0
DA:33,0
DA:35,0
DA:39,3
DA:40,2
DA:42,2
DA:44,2
DA:46,2
DA:47,1
DA:49,1
DA:50,1
DA:53,3
DA:54,4
DA:56,4
DA:57,4
DA:59,3
DA:60,3
DA:62,3
DA:68,3
DA:69,1
DA:70,2
DA:71,1
DA:73,1
DA:76,3
DA:78,3
DA:81,3
DA:82,0
LF:45
LH:29
BRDA:8,0,0,0
BRDA:8,0,1,0
BRDA:14,1,0,0
BRDA:14,1,1,0
BRDA:18,2,0,0
BRDA:18,2,1,0
BRDA:20,3,0,0
BRDA:20,3,1,0
BRDA:29,4,0,0
BRDA:29,4,1,0
BRDA:31,5,0,0
BRDA:31,5,1,0
BRDA:44,6,0,1
BRDA:44,6,1,1
BRDA:57,7,0,1
BRDA:57,7,1,3
BRDA:68,8,0,1
BRDA:68,8,1,2
BRDA:68,9,0,3
BRDA:68,9,1,3
BRDA:70,10,0,1
BRDA:70,10,1,1
BRF:22
BRH:10
end_of_record
TN:
SF:srv/handlers/preference-handler.ts
FN:3,extractProductCategories
FN:13,default_1
FN:16,(anonymous_3)
FNF:3
FNH:3
FNDA:1,extractProductCategories
FNDA:3,default_1
FNDA:1,(anonymous_3)
DA:1,3
DA:4,1
DA:5,1
DA:6,2
DA:7,2
DA:8,2
DA:10,1
DA:13,3
DA:14,3
DA:16,3
DA:17,1
DA:19,1
DA:21,1
DA:23,1
DA:24,2
LF:15
LH:15
BRDA:6,0,0,2
BRDA:6,0,1,0
BRDA:6,1,0,2
BRDA:6,1,1,0
BRDA:7,2,0,1
BRDA:7,2,1,1
BRDA:8,3,0,1
BRDA:8,3,1,1
BRF:8
BRH:6
end_of_record
