TN:
SF:srv/handlers/customer-handler.ts
FN:3,default_1
FN:6,(anonymous_2)
FN:13,(anonymous_3)
FN:20,(anonymous_4)
FN:48,(anonymous_5)
FNF:5
FNH:4
FNDA:3,default_1
FNDA:2,(anonymous_2)
FNDA:2,(anonymous_3)
FNDA:4,(anonymous_4)
FNDA:0,(anonymous_5)
DA:1,3
DA:3,3
DA:4,3
DA:6,3
DA:7,2
DA:9,2
DA:11,2
DA:13,2
DA:14,1
DA:16,1
DA:17,1
DA:20,3
DA:21,4
DA:23,4
DA:24,4
DA:26,3
DA:27,3
DA:29,3
DA:35,3
DA:36,1
DA:37,2
DA:38,1
DA:40,1
DA:43,3
DA:45,3
DA:48,3
DA:49,0
LF:27
LH:26
BRDA:11,0,0,1
BRDA:11,0,1,1
BRDA:24,1,0,1
BRDA:24,1,1,3
BRDA:35,2,0,1
BRDA:35,2,1,2
BRDA:35,3,0,3
BRDA:35,3,1,3
BRDA:37,4,0,1
BRDA:37,4,1,1
BRF:10
BRH:10
end_of_record
TN:
SF:srv/handlers/preference-handler.ts
FN:3,extractProductCategories
FN:13,default_1
FN:16,(anonymous_3)
FNF:3
FNH:3
FNDA:1,extractProductCategories
FNDA:3,default_1
FNDA:1,(anonymous_3)
DA:1,3
DA:4,1
DA:5,1
DA:6,2
DA:7,2
DA:8,2
DA:10,1
DA:13,3
DA:14,3
DA:16,3
DA:17,1
DA:19,1
DA:21,1
DA:23,1
DA:24,2
LF:15
LH:15
BRDA:6,0,0,2
BRDA:6,0,1,0
BRDA:6,1,0,2
BRDA:6,1,1,0
BRDA:7,2,0,1
BRDA:7,2,1,1
BRDA:8,3,0,1
BRDA:8,3,1,1
BRF:8
BRH:6
end_of_record
